{"/mnt/c/Users/Nibaldo/Downloads/desafio-walmart/src/components/search/mocks.js": {"path":"/mnt/c/Users/Nibaldo/Downloads/desafio-walmart/src/components/search/mocks.js","statementMap":{},"fnMap":{},"branchMap":{},"s":{},"f":{},"b":{},"_coverageSchema":"43e27e138ebf9cfc5966b082cf9a028302ed4184","hash":"ed291ea88413f664804d56736c8b0c10d9f026f0"}
,"/mnt/c/Users/Nibaldo/Downloads/desafio-walmart/src/components/search/search.service.js": {"path":"/mnt/c/Users/Nibaldo/Downloads/desafio-walmart/src/components/search/search.service.js","statementMap":{"0":{"start":{"line":16,"column":23},"end":{"line":16,"column":35}},"1":{"start":{"line":17,"column":8},"end":{"line":17,"column":59}},"2":{"start":{"line":18,"column":8},"end":{"line":24,"column":9}},"3":{"start":{"line":19,"column":29},"end":{"line":19,"column":49}},"4":{"start":{"line":20,"column":12},"end":{"line":20,"column":28}},"5":{"start":{"line":22,"column":12},"end":{"line":22,"column":70}},"6":{"start":{"line":23,"column":12},"end":{"line":23,"column":22}}},"fnMap":{"0":{"name":"(anonymous_0)","decl":{"start":{"line":15,"column":4},"end":{"line":15,"column":5}},"loc":{"start":{"line":15,"column":34},"end":{"line":27,"column":5}},"line":15}},"branchMap":{},"s":{"0":2,"1":2,"2":2,"3":2,"4":1,"5":1,"6":1},"f":{"0":2},"b":{},"_coverageSchema":"43e27e138ebf9cfc5966b082cf9a028302ed4184","hash":"ddd0bbeb3c3f0c18ff9690ce084b2a8b50589526"}
,"/mnt/c/Users/Nibaldo/Downloads/desafio-walmart/src/config/logger.js": {"path":"/mnt/c/Users/Nibaldo/Downloads/desafio-walmart/src/config/logger.js","statementMap":{"0":{"start":{"line":8,"column":4},"end":{"line":16,"column":7}}},"fnMap":{"0":{"name":"logger","decl":{"start":{"line":7,"column":9},"end":{"line":7,"column":15}},"loc":{"start":{"line":7,"column":17},"end":{"line":17,"column":1}},"line":7}},"branchMap":{},"s":{"0":2},"f":{"0":2},"b":{},"_coverageSchema":"43e27e138ebf9cfc5966b082cf9a028302ed4184","hash":"0caf463da1d93a367cf01eb70828004004159959"}
,"/mnt/c/Users/Nibaldo/Downloads/desafio-walmart/src/database/models/Product.js": {"path":"/mnt/c/Users/Nibaldo/Downloads/desafio-walmart/src/database/models/Product.js","statementMap":{"0":{"start":{"line":3,"column":22},"end":{"line":9,"column":2}}},"fnMap":{},"branchMap":{},"s":{"0":1},"f":{},"b":{},"_coverageSchema":"43e27e138ebf9cfc5966b082cf9a028302ed4184","hash":"2b86317ef27200b8debd278ee3a75505129fee00"}
}
