TN:
SF:/mnt/c/Users/Nibaldo/Downloads/desafio-walmart/src/components/search/mocks.js
FNF:0
FNH:0
LF:0
LH:0
BRF:0
BRH:0
end_of_record
TN:
SF:/mnt/c/Users/Nibaldo/Downloads/desafio-walmart/src/components/search/search.service.js
FN:15,(anonymous_0)
FNF:1
FNH:1
FNDA:2,(anonymous_0)
DA:16,2
DA:17,2
DA:18,2
DA:19,2
DA:20,1
DA:22,1
DA:23,1
LF:7
LH:7
BRF:0
BRH:0
end_of_record
TN:
SF:/mnt/c/Users/Nibaldo/Downloads/desafio-walmart/src/config/logger.js
FN:7,logger
FNF:1
FNH:1
FNDA:2,logger
DA:8,2
LF:1
LH:1
BRF:0
BRH:0
end_of_record
TN:
SF:/mnt/c/Users/Nibaldo/Downloads/desafio-walmart/src/database/models/Product.js
FNF:0
FNH:0
DA:3,1
LF:1
LH:1
BRF:0
BRH:0
end_of_record
